Virtual User Script started at: 11/17/2022 8:34:05 AM
Starting action vuser_init.
Web Turbo Replay of LoadRunner 2022.2.0 for Windows 2016; build 697 (Oct 09 2022 02:21:32)  	[MsgId: MMSG-26983]
Run mode: HTML  	[MsgId: MMSG-26993]
Replay user agent: Mozilla/5.0 (Windows NT 10.0; WOW64; Trident/7.0; rv:11.0) like Gecko  	[MsgId: MMSG-26988]
Runtime Settings file: "C:\Users\Administrator\Documents\VuGen\Scripts\WebHttpHtml1\\default.cfg"  	[MsgId: MMSG-27141]
Ending action vuser_init.
Running Vuser...
Starting iteration 1.
Maximum number of concurrent connections per server: 6  	[MsgId: MMSG-26989]
Starting action Action.
Action.c(4): web_url("Webtours") started  	[MsgId: MMSG-26355]
Action.c(4): Redirecting "http://localhost:1080/Webtours" (redirection depth is 0)  	[MsgId: MMSG-26694]
Action.c(4): To location "http://localhost:1080/Webtours/"  	[MsgId: MMSG-26693]
Action.c(4): Detected non-resource "http://localhost:1080/Webtours/header.html" in "http://localhost:1080/Webtours/"  	[MsgId: MMSG-26573]
Action.c(4): Detected non-resource "http://localhost:1080/cgi-bin/welcome.pl?signOff=true" in "http://localhost:1080/Webtours/"  	[MsgId: MMSG-26573]
Action.c(4): Found resource "http://localhost:1080/Webtours/images/hp_logo.png" in HTML "http://localhost:1080/Webtours/header.html"  	[MsgId: MMSG-26659]
Action.c(4): Found resource "http://localhost:1080/Webtours/images/webtours.png" in HTML "http://localhost:1080/Webtours/header.html"  	[MsgId: MMSG-26659]
Action.c(4): Detected non-resource "http://localhost:1080/cgi-bin/nav.pl?in=home" in "http://localhost:1080/cgi-bin/welcome.pl?signOff=true"  	[MsgId: MMSG-26573]
Action.c(4): Detected non-resource "http://localhost:1080/WebTours/home.html" in "http://localhost:1080/cgi-bin/welcome.pl?signOff=true"  	[MsgId: MMSG-26573]
Action.c(4): Found resource "http://localhost:1080/WebTours/images/mer_login.gif" in HTML "http://localhost:1080/cgi-bin/nav.pl?in=home"  	[MsgId: MMSG-26659]
Action.c(4): web_url("Webtours") was successful, 10319 body bytes, 2637 header bytes, 24 chunking overhead bytes  	[MsgId: MMSG-26385]
Action.c(15): Notify: Transaction "login" started.
Action.c(17): web_submit_form("login.pl") started  	[MsgId: MMSG-26355]
Action.c(17): Submitting form to "http://localhost:1080/cgi-bin/login.pl", Target Frame="body"  	[MsgId: MMSG-27978]
Action.c(17): Detected non-resource "http://localhost:1080/cgi-bin/nav.pl?page=menu&in=home" in "http://localhost:1080/cgi-bin/login.pl"  	[MsgId: MMSG-26573]
Action.c(17): Detected non-resource "http://localhost:1080/cgi-bin/login.pl?intro=true" in "http://localhost:1080/cgi-bin/login.pl"  	[MsgId: MMSG-26573]
Action.c(17): Found resource "http://localhost:1080/WebTours/images/flights.gif" in HTML "http://localhost:1080/cgi-bin/nav.pl?page=menu&in=home"  	[MsgId: MMSG-26659]
Action.c(17): Found resource "http://localhost:1080/WebTours/images/itinerary.gif" in HTML "http://localhost:1080/cgi-bin/nav.pl?page=menu&in=home"  	[MsgId: MMSG-26659]
Action.c(17): Found resource "http://localhost:1080/WebTours/images/in_home.gif" in HTML "http://localhost:1080/cgi-bin/nav.pl?page=menu&in=home"  	[MsgId: MMSG-26659]
Action.c(17): Found resource "http://localhost:1080/WebTours/images/signoff.gif" in HTML "http://localhost:1080/cgi-bin/nav.pl?page=menu&in=home"  	[MsgId: MMSG-26659]
Action.c(17): web_submit_form("login.pl") was successful, 5779 body bytes, 2031 header bytes, 36 chunking overhead bytes  	[MsgId: MMSG-26385]
Action.c(26): Notify: Transaction "login" ended with a "Pass" status (Duration: 0.4610 Wasted Time: 0.0220).
Action.c(30): Notify: Transaction "logout" started.
Action.c(32): web_image("SignOff Button") started  	[MsgId: MMSG-26355]
Action.c(32): Image-linking to "http://localhost:1080/cgi-bin/welcome.pl?signOff=1", Target Frame="body"  	[MsgId: MMSG-27993]
Action.c(32): Detected non-resource "http://localhost:1080/cgi-bin/nav.pl?in=home" in "http://localhost:1080/cgi-bin/welcome.pl?signOff=1"  	[MsgId: MMSG-26573]
Action.c(32): Detected non-resource "http://localhost:1080/WebTours/home.html" in "http://localhost:1080/cgi-bin/welcome.pl?signOff=1"  	[MsgId: MMSG-26573]
Action.c(32): Retrieving data from cache for "http://localhost:1080/WebTours/home.html"  	[MsgId: MMSG-26557]
Action.c(32): Resource "http://localhost:1080/WebTours/images/mer_login.gif" is in the cache already and will not be downloaded again  	[MsgId: MMSG-26655]
Action.c(32): web_image("SignOff Button") was successful, 2169 body bytes, 582 header bytes, 24 chunking overhead bytes  	[MsgId: MMSG-26385]
Action.c(37): Notify: Transaction "logout" ended with a "Pass" status (Duration: 0.3307 Wasted Time: 0.0286).
Ending action Action.
Ending iteration 1.
Ending Vuser...
Starting action vuser_end.
Ending action vuser_end.
Vuser Terminated.
